<?xml version="1.0" encoding="UTF-8"?>
<!-- Generated by org.testng.reporters.JUnitReportReporter -->
<testsuite hostname="DESKTOP-EEP83V8" failures="0" tests="6" name="MyTest" time="2.818" errors="0" timestamp="2025-05-09T18:19:20 EET" skipped="2">
  <testcase classname="MyTest" name="login" time="0.257"/>
  <testcase classname="MyTest" name="AddAllItems" time="0.297"/>
  <testcase classname="MyTest" name="RemoveAllItems" time="2.226"/>
  <testcase classname="MyTest" name="Task" time="0.038"/>
  <testcase classname="MyTest" name="removeItemFromTheCart">
    <skipped/>
  </testcase> <!-- removeItemFromTheCart -->
  <testcase classname="MyTest" name="Logout">
    <skipped/>
  </testcase> <!-- Logout -->
</testsuite> <!-- MyTest -->
